<?xml version="1.0" encoding="UTF-8"?>
<testsuite name="StringJoinerTests" tests="1" skipped="0" failures="0" errors="0" timestamp="2019-07-18T12:11:42" hostname="Keomonys-MacBook-Pro.local" time="0.013">
  <properties/>
  <testcase name="shouldJoinIntoEmptyStringWhenListIsEmpty()" classname="StringJoinerTests" time="0.013"/>
  <system-out><![CDATA[]]></system-out>
  <system-err><![CDATA[]]></system-err>
</testsuite>
